<?xml version="1.0" encoding="utf-8"?><testsuites><testsuite name="pytest" errors="0" failures="0" skipped="0" tests="4" time="36.267" timestamp="2022-07-21T12:41:39.328503" hostname="DESKTOP-39H5KN2"><testcase classname="test_HomePage.TestHomePage" name="test_form_submission[get_data0]" time="12.658" /><testcase classname="test_HomePage.TestHomePage" name="test_form_submission[get_data1]" time="1.198" /><testcase classname="test_HomePage.TestHomePage" name="test_form_submission[get_data2]" time="3.566" /><testcase classname="test_e2e.Testone" name="test_e2e" time="18.772" /></testsuite></testsuites>